[0.119s] Invoking command in '/home/mansha/delivery_bot_ws/build/my_bot': CMAKE_PREFIX_PATH=${CMAKE_PREFIX_PATH}:/opt/ros/jazzy DEBUGINFOD_URLS=https://debuginfod.ubuntu.com /usr/bin/cmake --build /home/mansha/delivery_bot_ws/build/my_bot -- -j4 -l4
[0.504s] Invoked command in '/home/mansha/delivery_bot_ws/build/my_bot' returned '0': CMAKE_PREFIX_PATH=${CMAKE_PREFIX_PATH}:/opt/ros/jazzy DEBUGINFOD_URLS=https://debuginfod.ubuntu.com /usr/bin/cmake --build /home/mansha/delivery_bot_ws/build/my_bot -- -j4 -l4
[0.537s] Invoking command in '/home/mansha/delivery_bot_ws/build/my_bot': CMAKE_PREFIX_PATH=${CMAKE_PREFIX_PATH}:/opt/ros/jazzy DEBUGINFOD_URLS=https://debuginfod.ubuntu.com /usr/bin/cmake --install /home/mansha/delivery_bot_ws/build/my_bot
[0.564s] -- Install configuration: ""
[0.567s] -- Execute custom install script
[0.583s] -- Up-to-date symlink: /home/mansha/delivery_bot_ws/install/my_bot/share/my_bot/urdf/my_bot.urdf
[0.586s] -- Up-to-date symlink: /home/mansha/delivery_bot_ws/install/my_bot/share/my_bot/urdf/my_bot.urdf.xacro
[0.590s] -- Up-to-date symlink: /home/mansha/delivery_bot_ws/install/my_bot/share/my_bot/launch/gazebo.launch.py
[0.590s] -- Up-to-date symlink: /home/mansha/delivery_bot_ws/install/my_bot/share/my_bot/launch/rsp.launch.py
[0.597s] -- Up-to-date symlink: /home/mansha/delivery_bot_ws/install/my_bot/share/ament_index/resource_index/package_run_dependencies/my_bot
[0.599s] -- Up-to-date symlink: /home/mansha/delivery_bot_ws/install/my_bot/share/ament_index/resource_index/parent_prefix_path/my_bot
[0.610s] -- Up-to-date symlink: /home/mansha/delivery_bot_ws/install/my_bot/share/my_bot/environment/ament_prefix_path.sh
[0.613s] -- Up-to-date symlink: /home/mansha/delivery_bot_ws/install/my_bot/share/my_bot/environment/ament_prefix_path.dsv
[0.613s] -- Up-to-date symlink: /home/mansha/delivery_bot_ws/install/my_bot/share/my_bot/environment/path.sh
[0.616s] -- Up-to-date symlink: /home/mansha/delivery_bot_ws/install/my_bot/share/my_bot/environment/path.dsv
[0.625s] -- Up-to-date symlink: /home/mansha/delivery_bot_ws/install/my_bot/share/my_bot/local_setup.bash
[0.626s] -- Up-to-date symlink: /home/mansha/delivery_bot_ws/install/my_bot/share/my_bot/local_setup.sh
[0.629s] -- Up-to-date symlink: /home/mansha/delivery_bot_ws/install/my_bot/share/my_bot/local_setup.zsh
[0.631s] -- Up-to-date symlink: /home/mansha/delivery_bot_ws/install/my_bot/share/my_bot/local_setup.dsv
[0.631s] -- Symlinking: /home/mansha/delivery_bot_ws/install/my_bot/share/my_bot/package.dsv
[0.655s] -- Up-to-date symlink: /home/mansha/delivery_bot_ws/install/my_bot/share/ament_index/resource_index/packages/my_bot
[0.657s] -- Up-to-date symlink: /home/mansha/delivery_bot_ws/install/my_bot/share/my_bot/cmake/my_botConfig.cmake
[0.658s] -- Up-to-date symlink: /home/mansha/delivery_bot_ws/install/my_bot/share/my_bot/cmake/my_botConfig-version.cmake
[0.658s] -- Up-to-date symlink: /home/mansha/delivery_bot_ws/install/my_bot/share/my_bot/package.xml
[0.662s] Invoked command in '/home/mansha/delivery_bot_ws/build/my_bot' returned '0': CMAKE_PREFIX_PATH=${CMAKE_PREFIX_PATH}:/opt/ros/jazzy DEBUGINFOD_URLS=https://debuginfod.ubuntu.com /usr/bin/cmake --install /home/mansha/delivery_bot_ws/build/my_bot
