[0.044s] Invoking command in '/home/mansha/delivery_bot_ws/build/my_bot': CMAKE_PREFIX_PATH=${CMAKE_PREFIX_PATH}:/opt/ros/jazzy DEBUGINFOD_URLS=https://debuginfod.ubuntu.com /usr/bin/cmake /home/mansha/delivery_bot_ws/src/my_bot -DCMAKE_INSTALL_PREFIX=/home/mansha/delivery_bot_ws/install/my_bot
[0.202s] -- Found ament_cmake: 2.5.4 (/opt/ros/jazzy/share/ament_cmake/cmake)
[0.573s] -- Override CMake install command with custom implementation using symlinks instead of copying resources
[0.645s] -- Found ament_lint_auto: 0.17.3 (/opt/ros/jazzy/share/ament_lint_auto/cmake)
[0.800s] -- Added test 'copyright' to check source files copyright and LICENSE
[0.837s] -- Added test 'flake8' to check Python code syntax and style conventions
[0.837s] -- Configured 'flake8' exclude dirs and/or files: 
[0.839s] -- Added test 'lint_cmake' to check CMake code style
[0.841s] -- Added test 'pep257' to check Python code against some of the docstring style conventions in PEP 257
[0.846s] -- Added test 'xmllint' to check XML markup files
[0.853s] -- Configuring done (0.7s)
[0.896s] -- Generating done (0.0s)
[0.905s] -- Build files have been written to: /home/mansha/delivery_bot_ws/build/my_bot
[0.920s] Invoked command in '/home/mansha/delivery_bot_ws/build/my_bot' returned '0': CMAKE_PREFIX_PATH=${CMAKE_PREFIX_PATH}:/opt/ros/jazzy DEBUGINFOD_URLS=https://debuginfod.ubuntu.com /usr/bin/cmake /home/mansha/delivery_bot_ws/src/my_bot -DCMAKE_INSTALL_PREFIX=/home/mansha/delivery_bot_ws/install/my_bot
[0.922s] Invoking command in '/home/mansha/delivery_bot_ws/build/my_bot': CMAKE_PREFIX_PATH=${CMAKE_PREFIX_PATH}:/opt/ros/jazzy DEBUGINFOD_URLS=https://debuginfod.ubuntu.com /usr/bin/cmake --build /home/mansha/delivery_bot_ws/build/my_bot -- -j4 -l4
[1.001s] Invoked command in '/home/mansha/delivery_bot_ws/build/my_bot' returned '0': CMAKE_PREFIX_PATH=${CMAKE_PREFIX_PATH}:/opt/ros/jazzy DEBUGINFOD_URLS=https://debuginfod.ubuntu.com /usr/bin/cmake --build /home/mansha/delivery_bot_ws/build/my_bot -- -j4 -l4
[1.028s] Invoking command in '/home/mansha/delivery_bot_ws/build/my_bot': CMAKE_PREFIX_PATH=${CMAKE_PREFIX_PATH}:/opt/ros/jazzy DEBUGINFOD_URLS=https://debuginfod.ubuntu.com /usr/bin/cmake --install /home/mansha/delivery_bot_ws/build/my_bot
[1.042s] -- Install configuration: ""
[1.043s] -- Execute custom install script
[1.043s] -- Up-to-date symlink: /home/mansha/delivery_bot_ws/install/my_bot/share/my_bot/urdf/my_bot.urdf
[1.044s] -- Up-to-date symlink: /home/mansha/delivery_bot_ws/install/my_bot/share/my_bot/urdf/my_bot.urdf.xacro
[1.044s] -- Up-to-date symlink: /home/mansha/delivery_bot_ws/install/my_bot/share/my_bot/launch/gazebo.launch.py
[1.045s] -- Up-to-date symlink: /home/mansha/delivery_bot_ws/install/my_bot/share/my_bot/launch/rsp.launch.py
[1.045s] -- Up-to-date symlink: /home/mansha/delivery_bot_ws/install/my_bot/share/ament_index/resource_index/package_run_dependencies/my_bot
[1.045s] -- Up-to-date symlink: /home/mansha/delivery_bot_ws/install/my_bot/share/ament_index/resource_index/parent_prefix_path/my_bot
[1.045s] -- Up-to-date symlink: /home/mansha/delivery_bot_ws/install/my_bot/share/my_bot/environment/ament_prefix_path.sh
[1.046s] -- Up-to-date symlink: /home/mansha/delivery_bot_ws/install/my_bot/share/my_bot/environment/ament_prefix_path.dsv
[1.046s] -- Up-to-date symlink: /home/mansha/delivery_bot_ws/install/my_bot/share/my_bot/environment/path.sh
[1.047s] -- Up-to-date symlink: /home/mansha/delivery_bot_ws/install/my_bot/share/my_bot/environment/path.dsv
[1.047s] -- Up-to-date symlink: /home/mansha/delivery_bot_ws/install/my_bot/share/my_bot/local_setup.bash
[1.047s] -- Up-to-date symlink: /home/mansha/delivery_bot_ws/install/my_bot/share/my_bot/local_setup.sh
[1.047s] -- Up-to-date symlink: /home/mansha/delivery_bot_ws/install/my_bot/share/my_bot/local_setup.zsh
[1.048s] -- Up-to-date symlink: /home/mansha/delivery_bot_ws/install/my_bot/share/my_bot/local_setup.dsv
[1.048s] -- Symlinking: /home/mansha/delivery_bot_ws/install/my_bot/share/my_bot/package.dsv
[1.064s] -- Up-to-date symlink: /home/mansha/delivery_bot_ws/install/my_bot/share/ament_index/resource_index/packages/my_bot
[1.064s] -- Up-to-date symlink: /home/mansha/delivery_bot_ws/install/my_bot/share/my_bot/cmake/my_botConfig.cmake
[1.064s] -- Up-to-date symlink: /home/mansha/delivery_bot_ws/install/my_bot/share/my_bot/cmake/my_botConfig-version.cmake
[1.064s] -- Up-to-date symlink: /home/mansha/delivery_bot_ws/install/my_bot/share/my_bot/package.xml
[1.069s] Invoked command in '/home/mansha/delivery_bot_ws/build/my_bot' returned '0': CMAKE_PREFIX_PATH=${CMAKE_PREFIX_PATH}:/opt/ros/jazzy DEBUGINFOD_URLS=https://debuginfod.ubuntu.com /usr/bin/cmake --install /home/mansha/delivery_bot_ws/build/my_bot
