[0.023s] Invoking command in '/home/mansha/delivery_bot_ws/build/my_bot': CMAKE_PREFIX_PATH=${CMAKE_PREFIX_PATH}:/opt/ros/jazzy DEBUGINFOD_URLS=https://debuginfod.ubuntu.com /usr/bin/cmake /home/mansha/delivery_bot_ws/src/my_bot -DAMENT_CMAKE_SYMLINK_INSTALL=1 -DCMAKE_INSTALL_PREFIX=/home/mansha/delivery_bot_ws/install/my_bot
[0.106s] -- The C compiler identification is GNU 13.3.0
[0.179s] -- The CXX compiler identification is GNU 13.3.0
[0.203s] -- Detecting C compiler ABI info
[0.348s] -- Detecting C compiler ABI info - done
[0.357s] -- Check for working C compiler: /usr/bin/cc - skipped
[0.357s] -- Detecting C compile features
[0.358s] -- Detecting C compile features - done
[0.372s] -- Detecting CXX compiler ABI info
[0.520s] -- Detecting CXX compiler ABI info - done
[0.531s] -- Check for working CXX compiler: /usr/bin/c++ - skipped
[0.532s] -- Detecting CXX compile features
[0.532s] -- Detecting CXX compile features - done
[0.537s] -- Found ament_cmake: 2.5.4 (/opt/ros/jazzy/share/ament_cmake/cmake)
[0.702s] -- Found Python3: /usr/bin/python3 (found version "3.12.3") found components: Interpreter 
[0.776s] -- Override CMake install command with custom implementation using symlinks instead of copying resources
[0.837s] -- Found ament_lint_auto: 0.17.3 (/opt/ros/jazzy/share/ament_lint_auto/cmake)
[0.954s] -- Added test 'copyright' to check source files copyright and LICENSE
[0.966s] -- Added test 'flake8' to check Python code syntax and style conventions
[0.966s] -- Configured 'flake8' exclude dirs and/or files: 
[0.968s] -- Added test 'lint_cmake' to check CMake code style
[0.970s] -- Added test 'pep257' to check Python code against some of the docstring style conventions in PEP 257
[0.975s] -- Added test 'xmllint' to check XML markup files
[0.979s] -- Configuring done (0.9s)
[0.985s] -- Generating done (0.0s)
[0.988s] -- Build files have been written to: /home/mansha/delivery_bot_ws/build/my_bot
[0.998s] Invoked command in '/home/mansha/delivery_bot_ws/build/my_bot' returned '0': CMAKE_PREFIX_PATH=${CMAKE_PREFIX_PATH}:/opt/ros/jazzy DEBUGINFOD_URLS=https://debuginfod.ubuntu.com /usr/bin/cmake /home/mansha/delivery_bot_ws/src/my_bot -DAMENT_CMAKE_SYMLINK_INSTALL=1 -DCMAKE_INSTALL_PREFIX=/home/mansha/delivery_bot_ws/install/my_bot
[1.000s] Invoking command in '/home/mansha/delivery_bot_ws/build/my_bot': CMAKE_PREFIX_PATH=${CMAKE_PREFIX_PATH}:/opt/ros/jazzy DEBUGINFOD_URLS=https://debuginfod.ubuntu.com /usr/bin/cmake --build /home/mansha/delivery_bot_ws/build/my_bot -- -j4 -l4
[1.063s] Invoked command in '/home/mansha/delivery_bot_ws/build/my_bot' returned '0': CMAKE_PREFIX_PATH=${CMAKE_PREFIX_PATH}:/opt/ros/jazzy DEBUGINFOD_URLS=https://debuginfod.ubuntu.com /usr/bin/cmake --build /home/mansha/delivery_bot_ws/build/my_bot -- -j4 -l4
[1.085s] Invoking command in '/home/mansha/delivery_bot_ws/build/my_bot': CMAKE_PREFIX_PATH=${CMAKE_PREFIX_PATH}:/opt/ros/jazzy DEBUGINFOD_URLS=https://debuginfod.ubuntu.com /usr/bin/cmake --install /home/mansha/delivery_bot_ws/build/my_bot
[1.097s] -- Install configuration: ""
[1.097s] -- Execute custom install script
[1.098s] -- Symlinking: /home/mansha/delivery_bot_ws/install/my_bot/share/my_bot/urdf/my_bot.urdf
[1.112s] -- Symlinking: /home/mansha/delivery_bot_ws/install/my_bot/share/my_bot/urdf/my_bot.urdf.xacro
[1.125s] -- Symlinking: /home/mansha/delivery_bot_ws/install/my_bot/share/my_bot/launch/gazebo.launch.py
[1.139s] -- Symlinking: /home/mansha/delivery_bot_ws/install/my_bot/share/my_bot/launch/rsp.launch.py
[1.153s] -- Symlinking: /home/mansha/delivery_bot_ws/install/my_bot/share/ament_index/resource_index/package_run_dependencies/my_bot
[1.172s] -- Symlinking: /home/mansha/delivery_bot_ws/install/my_bot/share/ament_index/resource_index/parent_prefix_path/my_bot
[1.187s] -- Symlinking: /home/mansha/delivery_bot_ws/install/my_bot/share/my_bot/environment/ament_prefix_path.sh
[1.201s] -- Symlinking: /home/mansha/delivery_bot_ws/install/my_bot/share/my_bot/environment/ament_prefix_path.dsv
[1.215s] -- Symlinking: /home/mansha/delivery_bot_ws/install/my_bot/share/my_bot/environment/path.sh
[1.228s] -- Symlinking: /home/mansha/delivery_bot_ws/install/my_bot/share/my_bot/environment/path.dsv
[1.242s] -- Symlinking: /home/mansha/delivery_bot_ws/install/my_bot/share/my_bot/local_setup.bash
[1.255s] -- Symlinking: /home/mansha/delivery_bot_ws/install/my_bot/share/my_bot/local_setup.sh
[1.274s] -- Symlinking: /home/mansha/delivery_bot_ws/install/my_bot/share/my_bot/local_setup.zsh
[1.288s] -- Symlinking: /home/mansha/delivery_bot_ws/install/my_bot/share/my_bot/local_setup.dsv
[1.303s] -- Symlinking: /home/mansha/delivery_bot_ws/install/my_bot/share/my_bot/package.dsv
[1.316s] -- Symlinking: /home/mansha/delivery_bot_ws/install/my_bot/share/ament_index/resource_index/packages/my_bot
[1.330s] -- Symlinking: /home/mansha/delivery_bot_ws/install/my_bot/share/my_bot/cmake/my_botConfig.cmake
[1.344s] -- Symlinking: /home/mansha/delivery_bot_ws/install/my_bot/share/my_bot/cmake/my_botConfig-version.cmake
[1.357s] -- Symlinking: /home/mansha/delivery_bot_ws/install/my_bot/share/my_bot/package.xml
[1.378s] Invoked command in '/home/mansha/delivery_bot_ws/build/my_bot' returned '0': CMAKE_PREFIX_PATH=${CMAKE_PREFIX_PATH}:/opt/ros/jazzy DEBUGINFOD_URLS=https://debuginfod.ubuntu.com /usr/bin/cmake --install /home/mansha/delivery_bot_ws/build/my_bot
