[0.026s] Invoking command in '/home/mansha/delivery_bot_ws/build/my_bot': CMAKE_PREFIX_PATH=${CMAKE_PREFIX_PATH}:/opt/ros/jazzy DEBUGINFOD_URLS=https://debuginfod.ubuntu.com /usr/bin/cmake --build /home/mansha/delivery_bot_ws/build/my_bot -- -j4 -l4
[0.137s] Invoked command in '/home/mansha/delivery_bot_ws/build/my_bot' returned '0': CMAKE_PREFIX_PATH=${CMAKE_PREFIX_PATH}:/opt/ros/jazzy DEBUGINFOD_URLS=https://debuginfod.ubuntu.com /usr/bin/cmake --build /home/mansha/delivery_bot_ws/build/my_bot -- -j4 -l4
[0.156s] Invoking command in '/home/mansha/delivery_bot_ws/build/my_bot': CMAKE_PREFIX_PATH=${CMAKE_PREFIX_PATH}:/opt/ros/jazzy DEBUGINFOD_URLS=https://debuginfod.ubuntu.com /usr/bin/cmake --install /home/mansha/delivery_bot_ws/build/my_bot
[0.174s] -- Install configuration: ""
[0.176s] -- Execute custom install script
[0.177s] -- Up-to-date symlink: /home/mansha/delivery_bot_ws/install/my_bot/share/my_bot/urdf/my_bot.urdf
[0.178s] -- Up-to-date symlink: /home/mansha/delivery_bot_ws/install/my_bot/share/my_bot/urdf/my_bot.urdf.xacro
[0.179s] -- Up-to-date symlink: /home/mansha/delivery_bot_ws/install/my_bot/share/my_bot/launch/gazebo.launch.py
[0.179s] -- Up-to-date symlink: /home/mansha/delivery_bot_ws/install/my_bot/share/my_bot/launch/rsp.launch.py
[0.179s] -- Up-to-date symlink: /home/mansha/delivery_bot_ws/install/my_bot/share/ament_index/resource_index/package_run_dependencies/my_bot
[0.180s] -- Up-to-date symlink: /home/mansha/delivery_bot_ws/install/my_bot/share/ament_index/resource_index/parent_prefix_path/my_bot
[0.180s] -- Up-to-date symlink: /home/mansha/delivery_bot_ws/install/my_bot/share/my_bot/environment/ament_prefix_path.sh
[0.180s] -- Up-to-date symlink: /home/mansha/delivery_bot_ws/install/my_bot/share/my_bot/environment/ament_prefix_path.dsv
[0.181s] -- Up-to-date symlink: /home/mansha/delivery_bot_ws/install/my_bot/share/my_bot/environment/path.sh
[0.181s] -- Up-to-date symlink: /home/mansha/delivery_bot_ws/install/my_bot/share/my_bot/environment/path.dsv
[0.181s] -- Up-to-date symlink: /home/mansha/delivery_bot_ws/install/my_bot/share/my_bot/local_setup.bash
[0.182s] -- Up-to-date symlink: /home/mansha/delivery_bot_ws/install/my_bot/share/my_bot/local_setup.sh
[0.182s] -- Up-to-date symlink: /home/mansha/delivery_bot_ws/install/my_bot/share/my_bot/local_setup.zsh
[0.182s] -- Up-to-date symlink: /home/mansha/delivery_bot_ws/install/my_bot/share/my_bot/local_setup.dsv
[0.182s] -- Symlinking: /home/mansha/delivery_bot_ws/install/my_bot/share/my_bot/package.dsv
[0.196s] -- Up-to-date symlink: /home/mansha/delivery_bot_ws/install/my_bot/share/ament_index/resource_index/packages/my_bot
[0.197s] -- Up-to-date symlink: /home/mansha/delivery_bot_ws/install/my_bot/share/my_bot/cmake/my_botConfig.cmake
[0.198s] -- Up-to-date symlink: /home/mansha/delivery_bot_ws/install/my_bot/share/my_bot/cmake/my_botConfig-version.cmake
[0.198s] -- Up-to-date symlink: /home/mansha/delivery_bot_ws/install/my_bot/share/my_bot/package.xml
[0.200s] Invoked command in '/home/mansha/delivery_bot_ws/build/my_bot' returned '0': CMAKE_PREFIX_PATH=${CMAKE_PREFIX_PATH}:/opt/ros/jazzy DEBUGINFOD_URLS=https://debuginfod.ubuntu.com /usr/bin/cmake --install /home/mansha/delivery_bot_ws/build/my_bot
